15-Feb-2024 10:31:31.112 INFO [main] org.apache.catalina.core.ApplicationContext.log ContextListener: contextInitialized()
15-Feb-2024 10:31:31.112 INFO [main] org.apache.catalina.core.ApplicationContext.log SessionListener: contextInitialized()
15-Feb-2024 10:31:31.112 INFO [main] org.apache.catalina.core.ApplicationContext.log ContextListener: attributeAdded('StockTicker', 'async.Stockticker@3dd1dc90')
15-Feb-2024 10:51:15.033 INFO [main] org.apache.catalina.core.ApplicationContext.log SessionListener: contextDestroyed()
15-Feb-2024 10:51:15.033 INFO [main] org.apache.catalina.core.ApplicationContext.log ContextListener: contextDestroyed()
15-Feb-2024 10:51:25.442 INFO [main] org.apache.catalina.core.ApplicationContext.log ContextListener: contextInitialized()
15-Feb-2024 10:51:25.442 INFO [main] org.apache.catalina.core.ApplicationContext.log SessionListener: contextInitialized()
15-Feb-2024 10:51:25.442 INFO [main] org.apache.catalina.core.ApplicationContext.log ContextListener: attributeAdded('StockTicker', 'async.Stockticker@320de594')
15-Feb-2024 10:57:25.622 INFO [Catalina-utility-1] org.apache.catalina.core.ApplicationContext.log SessionListener: contextDestroyed()
15-Feb-2024 10:57:25.622 INFO [Catalina-utility-1] org.apache.catalina.core.ApplicationContext.log ContextListener: contextDestroyed()
15-Feb-2024 10:57:25.689 INFO [Catalina-utility-1] org.apache.catalina.core.ApplicationContext.log ContextListener: contextInitialized()
15-Feb-2024 10:57:25.689 INFO [Catalina-utility-1] org.apache.catalina.core.ApplicationContext.log SessionListener: contextInitialized()
15-Feb-2024 10:57:25.689 INFO [Catalina-utility-1] org.apache.catalina.core.ApplicationContext.log ContextListener: attributeAdded('StockTicker', 'async.Stockticker@704822fb')
15-Feb-2024 10:58:05.762 INFO [Catalina-utility-2] org.apache.catalina.core.ApplicationContext.log SessionListener: contextDestroyed()
15-Feb-2024 10:58:05.762 INFO [Catalina-utility-2] org.apache.catalina.core.ApplicationContext.log ContextListener: contextDestroyed()
15-Feb-2024 10:58:05.809 INFO [Catalina-utility-2] org.apache.catalina.core.ApplicationContext.log ContextListener: contextInitialized()
15-Feb-2024 10:58:05.809 INFO [Catalina-utility-2] org.apache.catalina.core.ApplicationContext.log SessionListener: contextInitialized()
15-Feb-2024 10:58:05.809 INFO [Catalina-utility-2] org.apache.catalina.core.ApplicationContext.log ContextListener: attributeAdded('StockTicker', 'async.Stockticker@4f33f98f')
15-Feb-2024 11:46:56.333 INFO [main] org.apache.catalina.core.ApplicationContext.log SessionListener: contextDestroyed()
15-Feb-2024 11:46:56.333 INFO [main] org.apache.catalina.core.ApplicationContext.log ContextListener: contextDestroyed()
15-Feb-2024 11:47:16.946 INFO [main] org.apache.catalina.core.ApplicationContext.log ContextListener: contextInitialized()
15-Feb-2024 11:47:16.946 INFO [main] org.apache.catalina.core.ApplicationContext.log SessionListener: contextInitialized()
15-Feb-2024 11:47:16.947 INFO [main] org.apache.catalina.core.ApplicationContext.log ContextListener: attributeAdded('StockTicker', 'async.Stockticker@abf688e')
15-Feb-2024 11:49:50.287 INFO [main] org.apache.catalina.core.ApplicationContext.log SessionListener: contextDestroyed()
15-Feb-2024 11:49:50.287 INFO [main] org.apache.catalina.core.ApplicationContext.log ContextListener: contextDestroyed()
15-Feb-2024 11:49:57.207 INFO [main] org.apache.catalina.core.ApplicationContext.log ContextListener: contextInitialized()
15-Feb-2024 11:49:57.207 INFO [main] org.apache.catalina.core.ApplicationContext.log SessionListener: contextInitialized()
15-Feb-2024 11:49:57.207 INFO [main] org.apache.catalina.core.ApplicationContext.log ContextListener: attributeAdded('StockTicker', 'async.Stockticker@abf688e')
15-Feb-2024 11:50:42.614 INFO [main] org.apache.catalina.core.ApplicationContext.log SessionListener: contextDestroyed()
15-Feb-2024 11:50:42.614 INFO [main] org.apache.catalina.core.ApplicationContext.log ContextListener: contextDestroyed()
15-Feb-2024 11:50:52.075 INFO [main] org.apache.catalina.core.ApplicationContext.log ContextListener: contextInitialized()
15-Feb-2024 11:50:52.075 INFO [main] org.apache.catalina.core.ApplicationContext.log SessionListener: contextInitialized()
15-Feb-2024 11:50:52.081 INFO [main] org.apache.catalina.core.ApplicationContext.log ContextListener: attributeAdded('StockTicker', 'async.Stockticker@6f0b0a5e')
15-Feb-2024 11:53:03.380 INFO [main] org.apache.catalina.core.ApplicationContext.log SessionListener: contextDestroyed()
15-Feb-2024 11:53:03.380 INFO [main] org.apache.catalina.core.ApplicationContext.log ContextListener: contextDestroyed()
15-Feb-2024 11:54:04.008 INFO [main] org.apache.catalina.core.ApplicationContext.log ContextListener: contextInitialized()
15-Feb-2024 11:54:04.008 INFO [main] org.apache.catalina.core.ApplicationContext.log SessionListener: contextInitialized()
15-Feb-2024 11:54:04.008 INFO [main] org.apache.catalina.core.ApplicationContext.log ContextListener: attributeAdded('StockTicker', 'async.Stockticker@3dd1dc90')
15-Feb-2024 11:54:36.371 INFO [main] org.apache.catalina.core.ApplicationContext.log SessionListener: contextDestroyed()
15-Feb-2024 11:54:36.371 INFO [main] org.apache.catalina.core.ApplicationContext.log ContextListener: contextDestroyed()
15-Feb-2024 11:54:49.396 INFO [main] org.apache.catalina.core.ApplicationContext.log ContextListener: contextInitialized()
15-Feb-2024 11:54:49.396 INFO [main] org.apache.catalina.core.ApplicationContext.log SessionListener: contextInitialized()
15-Feb-2024 11:54:49.397 INFO [main] org.apache.catalina.core.ApplicationContext.log ContextListener: attributeAdded('StockTicker', 'async.Stockticker@abf688e')
