21-Feb-2024 15:54:16.207 INFO [main] org.apache.catalina.core.ApplicationContext.log ContextListener: contextInitialized()
21-Feb-2024 15:54:16.209 INFO [main] org.apache.catalina.core.ApplicationContext.log SessionListener: contextInitialized()
21-Feb-2024 15:54:16.210 INFO [main] org.apache.catalina.core.ApplicationContext.log ContextListener: attributeAdded('StockTicker', 'async.Stockticker@120f38e6')
21-Feb-2024 15:56:38.422 INFO [main] org.apache.catalina.core.ApplicationContext.log SessionListener: contextDestroyed()
21-Feb-2024 15:56:38.422 INFO [main] org.apache.catalina.core.ApplicationContext.log ContextListener: contextDestroyed()
21-Feb-2024 15:56:44.864 INFO [main] org.apache.catalina.core.ApplicationContext.log ContextListener: contextInitialized()
21-Feb-2024 15:56:44.866 INFO [main] org.apache.catalina.core.ApplicationContext.log SessionListener: contextInitialized()
21-Feb-2024 15:56:44.868 INFO [main] org.apache.catalina.core.ApplicationContext.log ContextListener: attributeAdded('StockTicker', 'async.Stockticker@173b9122')
21-Feb-2024 15:56:56.341 INFO [main] org.apache.catalina.core.ApplicationContext.log SessionListener: contextDestroyed()
21-Feb-2024 15:56:56.341 INFO [main] org.apache.catalina.core.ApplicationContext.log ContextListener: contextDestroyed()
21-Feb-2024 15:57:01.878 INFO [main] org.apache.catalina.core.ApplicationContext.log ContextListener: contextInitialized()
21-Feb-2024 15:57:01.878 INFO [main] org.apache.catalina.core.ApplicationContext.log SessionListener: contextInitialized()
21-Feb-2024 15:57:01.879 INFO [main] org.apache.catalina.core.ApplicationContext.log ContextListener: attributeAdded('StockTicker', 'async.Stockticker@40f33492')
21-Feb-2024 16:01:40.906 INFO [main] org.apache.catalina.core.ApplicationContext.log SessionListener: contextDestroyed()
21-Feb-2024 16:01:40.906 INFO [main] org.apache.catalina.core.ApplicationContext.log ContextListener: contextDestroyed()
21-Feb-2024 16:01:46.431 INFO [main] org.apache.catalina.core.ApplicationContext.log ContextListener: contextInitialized()
21-Feb-2024 16:01:46.431 INFO [main] org.apache.catalina.core.ApplicationContext.log SessionListener: contextInitialized()
21-Feb-2024 16:01:46.432 INFO [main] org.apache.catalina.core.ApplicationContext.log ContextListener: attributeAdded('StockTicker', 'async.Stockticker@702ed190')
21-Feb-2024 16:06:28.164 INFO [main] org.apache.catalina.core.ApplicationContext.log SessionListener: contextDestroyed()
21-Feb-2024 16:06:28.164 INFO [main] org.apache.catalina.core.ApplicationContext.log ContextListener: contextDestroyed()
21-Feb-2024 16:06:33.907 INFO [main] org.apache.catalina.core.ApplicationContext.log ContextListener: contextInitialized()
21-Feb-2024 16:06:33.907 INFO [main] org.apache.catalina.core.ApplicationContext.log SessionListener: contextInitialized()
21-Feb-2024 16:06:33.908 INFO [main] org.apache.catalina.core.ApplicationContext.log ContextListener: attributeAdded('StockTicker', 'async.Stockticker@2555fff0')
21-Feb-2024 16:06:53.222 SEVERE [http-nio-8080-exec-2] org.apache.catalina.core.StandardWrapperValve.invoke Servlet.service() for servlet [new] in context with path [/my_webapp] threw exception
	java.lang.NullPointerException
		at mypackage.CarRentalNew.doGet(CarRentalNew.java:44)
		at jakarta.servlet.http.HttpServlet.service(HttpServlet.java:665)
		at jakarta.servlet.http.HttpServlet.service(HttpServlet.java:774)
		at org.apache.catalina.core.ApplicationFilterChain.internalDoFilter(ApplicationFilterChain.java:223)
		at org.apache.catalina.core.ApplicationFilterChain.doFilter(ApplicationFilterChain.java:158)
		at org.apache.tomcat.websocket.server.WsFilter.doFilter(WsFilter.java:53)
		at org.apache.catalina.core.ApplicationFilterChain.internalDoFilter(ApplicationFilterChain.java:185)
		at org.apache.catalina.core.ApplicationFilterChain.doFilter(ApplicationFilterChain.java:158)
		at org.apache.catalina.core.StandardWrapperValve.invoke(StandardWrapperValve.java:197)
		at org.apache.catalina.core.StandardContextValve.invoke(StandardContextValve.java:97)
		at org.apache.catalina.authenticator.AuthenticatorBase.invoke(AuthenticatorBase.java:543)
		at org.apache.catalina.core.StandardHostValve.invoke(StandardHostValve.java:119)
		at org.apache.catalina.valves.ErrorReportValve.invoke(ErrorReportValve.java:92)
		at org.apache.catalina.valves.AbstractAccessLogValve.invoke(AbstractAccessLogValve.java:690)
		at org.apache.catalina.core.StandardEngineValve.invoke(StandardEngineValve.java:78)
		at org.apache.catalina.connector.CoyoteAdapter.service(CoyoteAdapter.java:353)
		at org.apache.coyote.http11.Http11Processor.service(Http11Processor.java:382)
		at org.apache.coyote.AbstractProcessorLight.process(AbstractProcessorLight.java:65)
		at org.apache.coyote.AbstractProtocol$ConnectionHandler.process(AbstractProtocol.java:870)
		at org.apache.tomcat.util.net.NioEndpoint$SocketProcessor.doRun(NioEndpoint.java:1699)
		at org.apache.tomcat.util.net.SocketProcessorBase.run(SocketProcessorBase.java:49)
		at org.apache.tomcat.util.threads.ThreadPoolExecutor.runWorker(ThreadPoolExecutor.java:1191)
		at org.apache.tomcat.util.threads.ThreadPoolExecutor$Worker.run(ThreadPoolExecutor.java:659)
		at org.apache.tomcat.util.threads.TaskThread$WrappingRunnable.run(TaskThread.java:61)
		at java.base/java.lang.Thread.run(Thread.java:829)
21-Feb-2024 16:14:16.414 INFO [main] org.apache.catalina.core.ApplicationContext.log SessionListener: contextDestroyed()
21-Feb-2024 16:14:16.415 INFO [main] org.apache.catalina.core.ApplicationContext.log ContextListener: contextDestroyed()
21-Feb-2024 16:14:22.040 INFO [main] org.apache.catalina.core.ApplicationContext.log ContextListener: contextInitialized()
21-Feb-2024 16:14:22.040 INFO [main] org.apache.catalina.core.ApplicationContext.log SessionListener: contextInitialized()
21-Feb-2024 16:14:22.041 INFO [main] org.apache.catalina.core.ApplicationContext.log ContextListener: attributeAdded('StockTicker', 'async.Stockticker@24be2d9c')
21-Feb-2024 16:15:55.675 INFO [main] org.apache.catalina.core.ApplicationContext.log SessionListener: contextDestroyed()
21-Feb-2024 16:15:55.675 INFO [main] org.apache.catalina.core.ApplicationContext.log ContextListener: contextDestroyed()
21-Feb-2024 16:30:24.099 INFO [main] org.apache.catalina.core.ApplicationContext.log ContextListener: contextInitialized()
21-Feb-2024 16:30:24.100 INFO [main] org.apache.catalina.core.ApplicationContext.log SessionListener: contextInitialized()
21-Feb-2024 16:30:24.100 INFO [main] org.apache.catalina.core.ApplicationContext.log ContextListener: attributeAdded('StockTicker', 'async.Stockticker@7a0e1b5e')
21-Feb-2024 16:31:54.155 INFO [main] org.apache.catalina.core.ApplicationContext.log SessionListener: contextDestroyed()
21-Feb-2024 16:31:54.155 INFO [main] org.apache.catalina.core.ApplicationContext.log ContextListener: contextDestroyed()
21-Feb-2024 16:31:59.941 INFO [main] org.apache.catalina.core.ApplicationContext.log ContextListener: contextInitialized()
21-Feb-2024 16:31:59.941 INFO [main] org.apache.catalina.core.ApplicationContext.log SessionListener: contextInitialized()
21-Feb-2024 16:31:59.942 INFO [main] org.apache.catalina.core.ApplicationContext.log ContextListener: attributeAdded('StockTicker', 'async.Stockticker@173b9122')
21-Feb-2024 16:33:04.889 INFO [main] org.apache.catalina.core.ApplicationContext.log SessionListener: contextDestroyed()
21-Feb-2024 16:33:04.890 INFO [main] org.apache.catalina.core.ApplicationContext.log ContextListener: contextDestroyed()
21-Feb-2024 16:33:10.848 INFO [main] org.apache.catalina.core.ApplicationContext.log ContextListener: contextInitialized()
21-Feb-2024 16:33:10.849 INFO [main] org.apache.catalina.core.ApplicationContext.log SessionListener: contextInitialized()
21-Feb-2024 16:33:10.851 INFO [main] org.apache.catalina.core.ApplicationContext.log ContextListener: attributeAdded('StockTicker', 'async.Stockticker@2555fff0')
21-Feb-2024 16:35:52.465 INFO [main] org.apache.catalina.core.ApplicationContext.log SessionListener: contextDestroyed()
21-Feb-2024 16:35:52.465 INFO [main] org.apache.catalina.core.ApplicationContext.log ContextListener: contextDestroyed()
21-Feb-2024 16:35:58.225 INFO [main] org.apache.catalina.core.ApplicationContext.log ContextListener: contextInitialized()
21-Feb-2024 16:35:58.225 INFO [main] org.apache.catalina.core.ApplicationContext.log SessionListener: contextInitialized()
21-Feb-2024 16:35:58.226 INFO [main] org.apache.catalina.core.ApplicationContext.log ContextListener: attributeAdded('StockTicker', 'async.Stockticker@2ad3a1bb')
21-Feb-2024 16:39:21.789 INFO [main] org.apache.catalina.core.ApplicationContext.log SessionListener: contextDestroyed()
21-Feb-2024 16:39:21.789 INFO [main] org.apache.catalina.core.ApplicationContext.log ContextListener: contextDestroyed()
21-Feb-2024 16:39:27.675 INFO [main] org.apache.catalina.core.ApplicationContext.log ContextListener: contextInitialized()
21-Feb-2024 16:39:27.677 INFO [main] org.apache.catalina.core.ApplicationContext.log SessionListener: contextInitialized()
21-Feb-2024 16:39:27.678 INFO [main] org.apache.catalina.core.ApplicationContext.log ContextListener: attributeAdded('StockTicker', 'async.Stockticker@702ed190')
21-Feb-2024 16:44:25.617 INFO [main] org.apache.catalina.core.ApplicationContext.log SessionListener: contextDestroyed()
21-Feb-2024 16:44:25.617 INFO [main] org.apache.catalina.core.ApplicationContext.log ContextListener: contextDestroyed()
21-Feb-2024 16:44:31.830 INFO [main] org.apache.catalina.core.ApplicationContext.log ContextListener: contextInitialized()
21-Feb-2024 16:44:31.831 INFO [main] org.apache.catalina.core.ApplicationContext.log SessionListener: contextInitialized()
21-Feb-2024 16:44:31.833 INFO [main] org.apache.catalina.core.ApplicationContext.log ContextListener: attributeAdded('StockTicker', 'async.Stockticker@24be2d9c')
21-Feb-2024 16:45:23.971 INFO [main] org.apache.catalina.core.ApplicationContext.log SessionListener: contextDestroyed()
21-Feb-2024 16:45:23.972 INFO [main] org.apache.catalina.core.ApplicationContext.log ContextListener: contextDestroyed()
21-Feb-2024 16:45:29.995 INFO [main] org.apache.catalina.core.ApplicationContext.log ContextListener: contextInitialized()
21-Feb-2024 16:45:29.996 INFO [main] org.apache.catalina.core.ApplicationContext.log SessionListener: contextInitialized()
21-Feb-2024 16:45:29.997 INFO [main] org.apache.catalina.core.ApplicationContext.log ContextListener: attributeAdded('StockTicker', 'async.Stockticker@120f38e6')
21-Feb-2024 16:46:16.365 INFO [main] org.apache.catalina.core.ApplicationContext.log SessionListener: contextDestroyed()
21-Feb-2024 16:46:16.365 INFO [main] org.apache.catalina.core.ApplicationContext.log ContextListener: contextDestroyed()
21-Feb-2024 16:46:22.342 INFO [main] org.apache.catalina.core.ApplicationContext.log ContextListener: contextInitialized()
21-Feb-2024 16:46:22.342 INFO [main] org.apache.catalina.core.ApplicationContext.log SessionListener: contextInitialized()
21-Feb-2024 16:46:22.344 INFO [main] org.apache.catalina.core.ApplicationContext.log ContextListener: attributeAdded('StockTicker', 'async.Stockticker@702ed190')
21-Feb-2024 16:47:15.964 INFO [main] org.apache.catalina.core.ApplicationContext.log SessionListener: contextDestroyed()
21-Feb-2024 16:47:15.964 INFO [main] org.apache.catalina.core.ApplicationContext.log ContextListener: contextDestroyed()
21-Feb-2024 16:47:22.188 INFO [main] org.apache.catalina.core.ApplicationContext.log ContextListener: contextInitialized()
21-Feb-2024 16:47:22.189 INFO [main] org.apache.catalina.core.ApplicationContext.log SessionListener: contextInitialized()
21-Feb-2024 16:47:22.191 INFO [main] org.apache.catalina.core.ApplicationContext.log ContextListener: attributeAdded('StockTicker', 'async.Stockticker@13579834')
21-Feb-2024 16:50:04.124 INFO [main] org.apache.catalina.core.ApplicationContext.log SessionListener: contextDestroyed()
21-Feb-2024 16:50:04.124 INFO [main] org.apache.catalina.core.ApplicationContext.log ContextListener: contextDestroyed()
21-Feb-2024 16:50:10.251 INFO [main] org.apache.catalina.core.ApplicationContext.log ContextListener: contextInitialized()
21-Feb-2024 16:50:10.251 INFO [main] org.apache.catalina.core.ApplicationContext.log SessionListener: contextInitialized()
21-Feb-2024 16:50:10.252 INFO [main] org.apache.catalina.core.ApplicationContext.log ContextListener: attributeAdded('StockTicker', 'async.Stockticker@173b9122')
21-Feb-2024 16:50:55.547 INFO [main] org.apache.catalina.core.ApplicationContext.log SessionListener: contextDestroyed()
21-Feb-2024 16:50:55.547 INFO [main] org.apache.catalina.core.ApplicationContext.log ContextListener: contextDestroyed()
