18-Feb-2024 13:50:13.010 INFO [main] org.apache.catalina.core.ApplicationContext.log ContextListener: contextInitialized()
18-Feb-2024 13:50:13.010 INFO [main] org.apache.catalina.core.ApplicationContext.log SessionListener: contextInitialized()
18-Feb-2024 13:50:13.014 INFO [main] org.apache.catalina.core.ApplicationContext.log ContextListener: attributeAdded('StockTicker', 'async.Stockticker@6f0b0a5e')
18-Feb-2024 13:52:58.582 INFO [main] org.apache.catalina.core.ApplicationContext.log SessionListener: contextDestroyed()
18-Feb-2024 13:52:58.582 INFO [main] org.apache.catalina.core.ApplicationContext.log ContextListener: contextDestroyed()
18-Feb-2024 13:53:12.441 INFO [main] org.apache.catalina.core.ApplicationContext.log ContextListener: contextInitialized()
18-Feb-2024 13:53:12.442 INFO [main] org.apache.catalina.core.ApplicationContext.log SessionListener: contextInitialized()
18-Feb-2024 13:53:12.443 INFO [main] org.apache.catalina.core.ApplicationContext.log ContextListener: attributeAdded('StockTicker', 'async.Stockticker@6f0b0a5e')
18-Feb-2024 14:18:47.472 INFO [main] org.apache.catalina.core.ApplicationContext.log ContextListener: contextInitialized()
18-Feb-2024 14:18:47.473 INFO [main] org.apache.catalina.core.ApplicationContext.log SessionListener: contextInitialized()
18-Feb-2024 14:18:47.476 INFO [main] org.apache.catalina.core.ApplicationContext.log ContextListener: attributeAdded('StockTicker', 'async.Stockticker@6f0b0a5e')
18-Feb-2024 14:19:44.158 INFO [main] org.apache.catalina.core.ApplicationContext.log SessionListener: contextDestroyed()
18-Feb-2024 14:19:44.159 INFO [main] org.apache.catalina.core.ApplicationContext.log ContextListener: contextDestroyed()
18-Feb-2024 14:19:47.450 INFO [main] org.apache.catalina.core.ApplicationContext.log ContextListener: contextInitialized()
18-Feb-2024 14:19:47.450 INFO [main] org.apache.catalina.core.ApplicationContext.log SessionListener: contextInitialized()
18-Feb-2024 14:19:47.453 INFO [main] org.apache.catalina.core.ApplicationContext.log ContextListener: attributeAdded('StockTicker', 'async.Stockticker@20a8a64e')
18-Feb-2024 14:20:23.063 INFO [main] org.apache.catalina.core.ApplicationContext.log SessionListener: contextDestroyed()
18-Feb-2024 14:20:23.064 INFO [main] org.apache.catalina.core.ApplicationContext.log ContextListener: contextDestroyed()
18-Feb-2024 14:20:30.423 INFO [main] org.apache.catalina.core.ApplicationContext.log ContextListener: contextInitialized()
18-Feb-2024 14:20:30.423 INFO [main] org.apache.catalina.core.ApplicationContext.log SessionListener: contextInitialized()
18-Feb-2024 14:20:30.425 INFO [main] org.apache.catalina.core.ApplicationContext.log ContextListener: attributeAdded('StockTicker', 'async.Stockticker@58c34bb3')
18-Feb-2024 14:21:41.421 INFO [main] org.apache.catalina.core.ApplicationContext.log SessionListener: contextDestroyed()
18-Feb-2024 14:21:41.422 INFO [main] org.apache.catalina.core.ApplicationContext.log ContextListener: contextDestroyed()
18-Feb-2024 14:21:46.938 INFO [main] org.apache.catalina.core.ApplicationContext.log ContextListener: contextInitialized()
18-Feb-2024 14:21:46.939 INFO [main] org.apache.catalina.core.ApplicationContext.log SessionListener: contextInitialized()
18-Feb-2024 14:21:46.940 INFO [main] org.apache.catalina.core.ApplicationContext.log ContextListener: attributeAdded('StockTicker', 'async.Stockticker@73163d48')
18-Feb-2024 14:23:24.678 INFO [main] org.apache.catalina.core.ApplicationContext.log SessionListener: contextDestroyed()
18-Feb-2024 14:23:24.678 INFO [main] org.apache.catalina.core.ApplicationContext.log ContextListener: contextDestroyed()
18-Feb-2024 14:23:30.010 INFO [main] org.apache.catalina.core.ApplicationContext.log ContextListener: contextInitialized()
18-Feb-2024 14:23:30.010 INFO [main] org.apache.catalina.core.ApplicationContext.log SessionListener: contextInitialized()
18-Feb-2024 14:23:30.011 INFO [main] org.apache.catalina.core.ApplicationContext.log ContextListener: attributeAdded('StockTicker', 'async.Stockticker@1a7288a3')
18-Feb-2024 14:24:49.403 INFO [main] org.apache.catalina.core.ApplicationContext.log SessionListener: contextDestroyed()
18-Feb-2024 14:24:49.403 INFO [main] org.apache.catalina.core.ApplicationContext.log ContextListener: contextDestroyed()
18-Feb-2024 14:25:02.040 INFO [main] org.apache.catalina.core.ApplicationContext.log ContextListener: contextInitialized()
18-Feb-2024 14:25:02.040 INFO [main] org.apache.catalina.core.ApplicationContext.log SessionListener: contextInitialized()
18-Feb-2024 14:25:02.042 INFO [main] org.apache.catalina.core.ApplicationContext.log ContextListener: attributeAdded('StockTicker', 'async.Stockticker@2974f221')
18-Feb-2024 14:25:04.976 SEVERE [http-nio-8080-exec-1] org.apache.catalina.core.StandardWrapperValve.invoke Servlet.service() for servlet [list] in context with path [/my_webapp] threw exception
	java.lang.ClassCastException: class org.json.simple.JSONObject cannot be cast to class java.lang.String (org.json.simple.JSONObject is in unnamed module of loader org.apache.catalina.loader.ParallelWebappClassLoader @768ccdc5; java.lang.String is in module java.base of loader 'bootstrap')
		at mypackage.CarRentalList.printRentalList(CarRentalList.java:56)
		at mypackage.CarRentalList.doGet(CarRentalList.java:33)
		at mypackage.CarRentalList.doPost(CarRentalList.java:42)
		at jakarta.servlet.http.HttpServlet.service(HttpServlet.java:691)
		at jakarta.servlet.http.HttpServlet.service(HttpServlet.java:774)
		at org.apache.catalina.core.ApplicationFilterChain.internalDoFilter(ApplicationFilterChain.java:223)
		at org.apache.catalina.core.ApplicationFilterChain.doFilter(ApplicationFilterChain.java:158)
		at org.apache.tomcat.websocket.server.WsFilter.doFilter(WsFilter.java:53)
		at org.apache.catalina.core.ApplicationFilterChain.internalDoFilter(ApplicationFilterChain.java:185)
		at org.apache.catalina.core.ApplicationFilterChain.doFilter(ApplicationFilterChain.java:158)
		at org.apache.catalina.core.StandardWrapperValve.invoke(StandardWrapperValve.java:197)
		at org.apache.catalina.core.StandardContextValve.invoke(StandardContextValve.java:97)
		at org.apache.catalina.authenticator.AuthenticatorBase.invoke(AuthenticatorBase.java:543)
		at org.apache.catalina.core.StandardHostValve.invoke(StandardHostValve.java:119)
		at org.apache.catalina.valves.ErrorReportValve.invoke(ErrorReportValve.java:92)
		at org.apache.catalina.valves.AbstractAccessLogValve.invoke(AbstractAccessLogValve.java:690)
		at org.apache.catalina.core.StandardEngineValve.invoke(StandardEngineValve.java:78)
		at org.apache.catalina.connector.CoyoteAdapter.service(CoyoteAdapter.java:353)
		at org.apache.coyote.http11.Http11Processor.service(Http11Processor.java:382)
		at org.apache.coyote.AbstractProcessorLight.process(AbstractProcessorLight.java:65)
		at org.apache.coyote.AbstractProtocol$ConnectionHandler.process(AbstractProtocol.java:870)
		at org.apache.tomcat.util.net.NioEndpoint$SocketProcessor.doRun(NioEndpoint.java:1699)
		at org.apache.tomcat.util.net.SocketProcessorBase.run(SocketProcessorBase.java:49)
		at org.apache.tomcat.util.threads.ThreadPoolExecutor.runWorker(ThreadPoolExecutor.java:1191)
		at org.apache.tomcat.util.threads.ThreadPoolExecutor$Worker.run(ThreadPoolExecutor.java:659)
		at org.apache.tomcat.util.threads.TaskThread$WrappingRunnable.run(TaskThread.java:61)
		at java.base/java.lang.Thread.run(Thread.java:829)
18-Feb-2024 14:25:11.972 SEVERE [http-nio-8080-exec-2] org.apache.catalina.core.StandardWrapperValve.invoke Servlet.service() for servlet [list] in context with path [/my_webapp] threw exception
	java.lang.ClassCastException: class org.json.simple.JSONObject cannot be cast to class java.lang.String (org.json.simple.JSONObject is in unnamed module of loader org.apache.catalina.loader.ParallelWebappClassLoader @768ccdc5; java.lang.String is in module java.base of loader 'bootstrap')
		at mypackage.CarRentalList.printRentalList(CarRentalList.java:56)
		at mypackage.CarRentalList.doGet(CarRentalList.java:33)
		at mypackage.CarRentalList.doPost(CarRentalList.java:42)
		at jakarta.servlet.http.HttpServlet.service(HttpServlet.java:691)
		at jakarta.servlet.http.HttpServlet.service(HttpServlet.java:774)
		at org.apache.catalina.core.ApplicationFilterChain.internalDoFilter(ApplicationFilterChain.java:223)
		at org.apache.catalina.core.ApplicationFilterChain.doFilter(ApplicationFilterChain.java:158)
		at org.apache.tomcat.websocket.server.WsFilter.doFilter(WsFilter.java:53)
		at org.apache.catalina.core.ApplicationFilterChain.internalDoFilter(ApplicationFilterChain.java:185)
		at org.apache.catalina.core.ApplicationFilterChain.doFilter(ApplicationFilterChain.java:158)
		at org.apache.catalina.core.StandardWrapperValve.invoke(StandardWrapperValve.java:197)
		at org.apache.catalina.core.StandardContextValve.invoke(StandardContextValve.java:97)
		at org.apache.catalina.authenticator.AuthenticatorBase.invoke(AuthenticatorBase.java:543)
		at org.apache.catalina.core.StandardHostValve.invoke(StandardHostValve.java:119)
		at org.apache.catalina.valves.ErrorReportValve.invoke(ErrorReportValve.java:92)
		at org.apache.catalina.valves.AbstractAccessLogValve.invoke(AbstractAccessLogValve.java:690)
		at org.apache.catalina.core.StandardEngineValve.invoke(StandardEngineValve.java:78)
		at org.apache.catalina.connector.CoyoteAdapter.service(CoyoteAdapter.java:353)
		at org.apache.coyote.http11.Http11Processor.service(Http11Processor.java:382)
		at org.apache.coyote.AbstractProcessorLight.process(AbstractProcessorLight.java:65)
		at org.apache.coyote.AbstractProtocol$ConnectionHandler.process(AbstractProtocol.java:870)
		at org.apache.tomcat.util.net.NioEndpoint$SocketProcessor.doRun(NioEndpoint.java:1699)
		at org.apache.tomcat.util.net.SocketProcessorBase.run(SocketProcessorBase.java:49)
		at org.apache.tomcat.util.threads.ThreadPoolExecutor.runWorker(ThreadPoolExecutor.java:1191)
		at org.apache.tomcat.util.threads.ThreadPoolExecutor$Worker.run(ThreadPoolExecutor.java:659)
		at org.apache.tomcat.util.threads.TaskThread$WrappingRunnable.run(TaskThread.java:61)
		at java.base/java.lang.Thread.run(Thread.java:829)
18-Feb-2024 14:25:16.916 SEVERE [http-nio-8080-exec-3] org.apache.catalina.core.StandardWrapperValve.invoke Servlet.service() for servlet [list] in context with path [/my_webapp] threw exception
	java.lang.ClassCastException: class org.json.simple.JSONObject cannot be cast to class java.lang.String (org.json.simple.JSONObject is in unnamed module of loader org.apache.catalina.loader.ParallelWebappClassLoader @768ccdc5; java.lang.String is in module java.base of loader 'bootstrap')
		at mypackage.CarRentalList.printRentalList(CarRentalList.java:56)
		at mypackage.CarRentalList.doGet(CarRentalList.java:33)
		at mypackage.CarRentalList.doPost(CarRentalList.java:42)
		at jakarta.servlet.http.HttpServlet.service(HttpServlet.java:691)
		at jakarta.servlet.http.HttpServlet.service(HttpServlet.java:774)
		at org.apache.catalina.core.ApplicationFilterChain.internalDoFilter(ApplicationFilterChain.java:223)
		at org.apache.catalina.core.ApplicationFilterChain.doFilter(ApplicationFilterChain.java:158)
		at org.apache.tomcat.websocket.server.WsFilter.doFilter(WsFilter.java:53)
		at org.apache.catalina.core.ApplicationFilterChain.internalDoFilter(ApplicationFilterChain.java:185)
		at org.apache.catalina.core.ApplicationFilterChain.doFilter(ApplicationFilterChain.java:158)
		at org.apache.catalina.core.StandardWrapperValve.invoke(StandardWrapperValve.java:197)
		at org.apache.catalina.core.StandardContextValve.invoke(StandardContextValve.java:97)
		at org.apache.catalina.authenticator.AuthenticatorBase.invoke(AuthenticatorBase.java:543)
		at org.apache.catalina.core.StandardHostValve.invoke(StandardHostValve.java:119)
		at org.apache.catalina.valves.ErrorReportValve.invoke(ErrorReportValve.java:92)
		at org.apache.catalina.valves.AbstractAccessLogValve.invoke(AbstractAccessLogValve.java:690)
		at org.apache.catalina.core.StandardEngineValve.invoke(StandardEngineValve.java:78)
		at org.apache.catalina.connector.CoyoteAdapter.service(CoyoteAdapter.java:353)
		at org.apache.coyote.http11.Http11Processor.service(Http11Processor.java:382)
		at org.apache.coyote.AbstractProcessorLight.process(AbstractProcessorLight.java:65)
		at org.apache.coyote.AbstractProtocol$ConnectionHandler.process(AbstractProtocol.java:870)
		at org.apache.tomcat.util.net.NioEndpoint$SocketProcessor.doRun(NioEndpoint.java:1699)
		at org.apache.tomcat.util.net.SocketProcessorBase.run(SocketProcessorBase.java:49)
		at org.apache.tomcat.util.threads.ThreadPoolExecutor.runWorker(ThreadPoolExecutor.java:1191)
		at org.apache.tomcat.util.threads.ThreadPoolExecutor$Worker.run(ThreadPoolExecutor.java:659)
		at org.apache.tomcat.util.threads.TaskThread$WrappingRunnable.run(TaskThread.java:61)
		at java.base/java.lang.Thread.run(Thread.java:829)
18-Feb-2024 14:26:10.982 INFO [main] org.apache.catalina.core.ApplicationContext.log SessionListener: contextDestroyed()
18-Feb-2024 14:26:10.982 INFO [main] org.apache.catalina.core.ApplicationContext.log ContextListener: contextDestroyed()
18-Feb-2024 14:26:17.088 INFO [main] org.apache.catalina.core.ApplicationContext.log ContextListener: contextInitialized()
18-Feb-2024 14:26:17.088 INFO [main] org.apache.catalina.core.ApplicationContext.log SessionListener: contextInitialized()
18-Feb-2024 14:26:17.103 INFO [main] org.apache.catalina.core.ApplicationContext.log ContextListener: attributeAdded('StockTicker', 'async.Stockticker@1a7288a3')
18-Feb-2024 14:26:17.897 SEVERE [http-nio-8080-exec-1] org.apache.catalina.core.StandardWrapperValve.invoke Servlet.service() for servlet [list] in context with path [/my_webapp] threw exception
	java.lang.ClassCastException: class org.json.simple.JSONObject cannot be cast to class java.lang.String (org.json.simple.JSONObject is in unnamed module of loader org.apache.catalina.loader.ParallelWebappClassLoader @1991f767; java.lang.String is in module java.base of loader 'bootstrap')
		at mypackage.CarRentalList.doGet(CarRentalList.java:42)
		at mypackage.CarRentalList.doPost(CarRentalList.java:58)
		at jakarta.servlet.http.HttpServlet.service(HttpServlet.java:691)
		at jakarta.servlet.http.HttpServlet.service(HttpServlet.java:774)
		at org.apache.catalina.core.ApplicationFilterChain.internalDoFilter(ApplicationFilterChain.java:223)
		at org.apache.catalina.core.ApplicationFilterChain.doFilter(ApplicationFilterChain.java:158)
		at org.apache.tomcat.websocket.server.WsFilter.doFilter(WsFilter.java:53)
		at org.apache.catalina.core.ApplicationFilterChain.internalDoFilter(ApplicationFilterChain.java:185)
		at org.apache.catalina.core.ApplicationFilterChain.doFilter(ApplicationFilterChain.java:158)
		at org.apache.catalina.core.StandardWrapperValve.invoke(StandardWrapperValve.java:197)
		at org.apache.catalina.core.StandardContextValve.invoke(StandardContextValve.java:97)
		at org.apache.catalina.authenticator.AuthenticatorBase.invoke(AuthenticatorBase.java:543)
		at org.apache.catalina.core.StandardHostValve.invoke(StandardHostValve.java:119)
		at org.apache.catalina.valves.ErrorReportValve.invoke(ErrorReportValve.java:92)
		at org.apache.catalina.valves.AbstractAccessLogValve.invoke(AbstractAccessLogValve.java:690)
		at org.apache.catalina.core.StandardEngineValve.invoke(StandardEngineValve.java:78)
		at org.apache.catalina.connector.CoyoteAdapter.service(CoyoteAdapter.java:353)
		at org.apache.coyote.http11.Http11Processor.service(Http11Processor.java:382)
		at org.apache.coyote.AbstractProcessorLight.process(AbstractProcessorLight.java:65)
		at org.apache.coyote.AbstractProtocol$ConnectionHandler.process(AbstractProtocol.java:870)
		at org.apache.tomcat.util.net.NioEndpoint$SocketProcessor.doRun(NioEndpoint.java:1699)
		at org.apache.tomcat.util.net.SocketProcessorBase.run(SocketProcessorBase.java:49)
		at org.apache.tomcat.util.threads.ThreadPoolExecutor.runWorker(ThreadPoolExecutor.java:1191)
		at org.apache.tomcat.util.threads.ThreadPoolExecutor$Worker.run(ThreadPoolExecutor.java:659)
		at org.apache.tomcat.util.threads.TaskThread$WrappingRunnable.run(TaskThread.java:61)
		at java.base/java.lang.Thread.run(Thread.java:829)
18-Feb-2024 14:26:21.007 SEVERE [http-nio-8080-exec-2] org.apache.catalina.core.StandardWrapperValve.invoke Servlet.service() for servlet [list] in context with path [/my_webapp] threw exception
	java.lang.ClassCastException: class org.json.simple.JSONObject cannot be cast to class java.lang.String (org.json.simple.JSONObject is in unnamed module of loader org.apache.catalina.loader.ParallelWebappClassLoader @1991f767; java.lang.String is in module java.base of loader 'bootstrap')
		at mypackage.CarRentalList.doGet(CarRentalList.java:42)
		at mypackage.CarRentalList.doPost(CarRentalList.java:58)
		at jakarta.servlet.http.HttpServlet.service(HttpServlet.java:691)
		at jakarta.servlet.http.HttpServlet.service(HttpServlet.java:774)
		at org.apache.catalina.core.ApplicationFilterChain.internalDoFilter(ApplicationFilterChain.java:223)
		at org.apache.catalina.core.ApplicationFilterChain.doFilter(ApplicationFilterChain.java:158)
		at org.apache.tomcat.websocket.server.WsFilter.doFilter(WsFilter.java:53)
		at org.apache.catalina.core.ApplicationFilterChain.internalDoFilter(ApplicationFilterChain.java:185)
		at org.apache.catalina.core.ApplicationFilterChain.doFilter(ApplicationFilterChain.java:158)
		at org.apache.catalina.core.StandardWrapperValve.invoke(StandardWrapperValve.java:197)
		at org.apache.catalina.core.StandardContextValve.invoke(StandardContextValve.java:97)
		at org.apache.catalina.authenticator.AuthenticatorBase.invoke(AuthenticatorBase.java:543)
		at org.apache.catalina.core.StandardHostValve.invoke(StandardHostValve.java:119)
		at org.apache.catalina.valves.ErrorReportValve.invoke(ErrorReportValve.java:92)
		at org.apache.catalina.valves.AbstractAccessLogValve.invoke(AbstractAccessLogValve.java:690)
		at org.apache.catalina.core.StandardEngineValve.invoke(StandardEngineValve.java:78)
		at org.apache.catalina.connector.CoyoteAdapter.service(CoyoteAdapter.java:353)
		at org.apache.coyote.http11.Http11Processor.service(Http11Processor.java:382)
		at org.apache.coyote.AbstractProcessorLight.process(AbstractProcessorLight.java:65)
		at org.apache.coyote.AbstractProtocol$ConnectionHandler.process(AbstractProtocol.java:870)
		at org.apache.tomcat.util.net.NioEndpoint$SocketProcessor.doRun(NioEndpoint.java:1699)
		at org.apache.tomcat.util.net.SocketProcessorBase.run(SocketProcessorBase.java:49)
		at org.apache.tomcat.util.threads.ThreadPoolExecutor.runWorker(ThreadPoolExecutor.java:1191)
		at org.apache.tomcat.util.threads.ThreadPoolExecutor$Worker.run(ThreadPoolExecutor.java:659)
		at org.apache.tomcat.util.threads.TaskThread$WrappingRunnable.run(TaskThread.java:61)
		at java.base/java.lang.Thread.run(Thread.java:829)
18-Feb-2024 14:26:23.434 SEVERE [http-nio-8080-exec-3] org.apache.catalina.core.StandardWrapperValve.invoke Servlet.service() for servlet [list] in context with path [/my_webapp] threw exception
	java.lang.NullPointerException
		at mypackage.CarRentalList.doGet(CarRentalList.java:31)
		at jakarta.servlet.http.HttpServlet.service(HttpServlet.java:665)
		at jakarta.servlet.http.HttpServlet.service(HttpServlet.java:774)
		at org.apache.catalina.core.ApplicationFilterChain.internalDoFilter(ApplicationFilterChain.java:223)
		at org.apache.catalina.core.ApplicationFilterChain.doFilter(ApplicationFilterChain.java:158)
		at org.apache.tomcat.websocket.server.WsFilter.doFilter(WsFilter.java:53)
		at org.apache.catalina.core.ApplicationFilterChain.internalDoFilter(ApplicationFilterChain.java:185)
		at org.apache.catalina.core.ApplicationFilterChain.doFilter(ApplicationFilterChain.java:158)
		at org.apache.catalina.core.StandardWrapperValve.invoke(StandardWrapperValve.java:197)
		at org.apache.catalina.core.StandardContextValve.invoke(StandardContextValve.java:97)
		at org.apache.catalina.authenticator.AuthenticatorBase.invoke(AuthenticatorBase.java:543)
		at org.apache.catalina.core.StandardHostValve.invoke(StandardHostValve.java:119)
		at org.apache.catalina.valves.ErrorReportValve.invoke(ErrorReportValve.java:92)
		at org.apache.catalina.valves.AbstractAccessLogValve.invoke(AbstractAccessLogValve.java:690)
		at org.apache.catalina.core.StandardEngineValve.invoke(StandardEngineValve.java:78)
		at org.apache.catalina.connector.CoyoteAdapter.service(CoyoteAdapter.java:353)
		at org.apache.coyote.http11.Http11Processor.service(Http11Processor.java:382)
		at org.apache.coyote.AbstractProcessorLight.process(AbstractProcessorLight.java:65)
		at org.apache.coyote.AbstractProtocol$ConnectionHandler.process(AbstractProtocol.java:870)
		at org.apache.tomcat.util.net.NioEndpoint$SocketProcessor.doRun(NioEndpoint.java:1699)
		at org.apache.tomcat.util.net.SocketProcessorBase.run(SocketProcessorBase.java:49)
		at org.apache.tomcat.util.threads.ThreadPoolExecutor.runWorker(ThreadPoolExecutor.java:1191)
		at org.apache.tomcat.util.threads.ThreadPoolExecutor$Worker.run(ThreadPoolExecutor.java:659)
		at org.apache.tomcat.util.threads.TaskThread$WrappingRunnable.run(TaskThread.java:61)
		at java.base/java.lang.Thread.run(Thread.java:829)
18-Feb-2024 14:26:24.633 SEVERE [http-nio-8080-exec-4] org.apache.catalina.core.StandardWrapperValve.invoke Servlet.service() for servlet [list] in context with path [/my_webapp] threw exception
	java.lang.NullPointerException
		at mypackage.CarRentalList.doGet(CarRentalList.java:31)
		at jakarta.servlet.http.HttpServlet.service(HttpServlet.java:665)
		at jakarta.servlet.http.HttpServlet.service(HttpServlet.java:774)
		at org.apache.catalina.core.ApplicationFilterChain.internalDoFilter(ApplicationFilterChain.java:223)
		at org.apache.catalina.core.ApplicationFilterChain.doFilter(ApplicationFilterChain.java:158)
		at org.apache.tomcat.websocket.server.WsFilter.doFilter(WsFilter.java:53)
		at org.apache.catalina.core.ApplicationFilterChain.internalDoFilter(ApplicationFilterChain.java:185)
		at org.apache.catalina.core.ApplicationFilterChain.doFilter(ApplicationFilterChain.java:158)
		at org.apache.catalina.core.StandardWrapperValve.invoke(StandardWrapperValve.java:197)
		at org.apache.catalina.core.StandardContextValve.invoke(StandardContextValve.java:97)
		at org.apache.catalina.authenticator.AuthenticatorBase.invoke(AuthenticatorBase.java:543)
		at org.apache.catalina.core.StandardHostValve.invoke(StandardHostValve.java:119)
		at org.apache.catalina.valves.ErrorReportValve.invoke(ErrorReportValve.java:92)
		at org.apache.catalina.valves.AbstractAccessLogValve.invoke(AbstractAccessLogValve.java:690)
		at org.apache.catalina.core.StandardEngineValve.invoke(StandardEngineValve.java:78)
		at org.apache.catalina.connector.CoyoteAdapter.service(CoyoteAdapter.java:353)
		at org.apache.coyote.http11.Http11Processor.service(Http11Processor.java:382)
		at org.apache.coyote.AbstractProcessorLight.process(AbstractProcessorLight.java:65)
		at org.apache.coyote.AbstractProtocol$ConnectionHandler.process(AbstractProtocol.java:870)
		at org.apache.tomcat.util.net.NioEndpoint$SocketProcessor.doRun(NioEndpoint.java:1699)
		at org.apache.tomcat.util.net.SocketProcessorBase.run(SocketProcessorBase.java:49)
		at org.apache.tomcat.util.threads.ThreadPoolExecutor.runWorker(ThreadPoolExecutor.java:1191)
		at org.apache.tomcat.util.threads.ThreadPoolExecutor$Worker.run(ThreadPoolExecutor.java:659)
		at org.apache.tomcat.util.threads.TaskThread$WrappingRunnable.run(TaskThread.java:61)
		at java.base/java.lang.Thread.run(Thread.java:829)
18-Feb-2024 14:26:28.733 SEVERE [http-nio-8080-exec-5] org.apache.catalina.core.StandardWrapperValve.invoke Servlet.service() for servlet [list] in context with path [/my_webapp] threw exception
	java.lang.ClassCastException: class org.json.simple.JSONObject cannot be cast to class java.lang.String (org.json.simple.JSONObject is in unnamed module of loader org.apache.catalina.loader.ParallelWebappClassLoader @1991f767; java.lang.String is in module java.base of loader 'bootstrap')
		at mypackage.CarRentalList.doGet(CarRentalList.java:42)
		at mypackage.CarRentalList.doPost(CarRentalList.java:58)
		at jakarta.servlet.http.HttpServlet.service(HttpServlet.java:691)
		at jakarta.servlet.http.HttpServlet.service(HttpServlet.java:774)
		at org.apache.catalina.core.ApplicationFilterChain.internalDoFilter(ApplicationFilterChain.java:223)
		at org.apache.catalina.core.ApplicationFilterChain.doFilter(ApplicationFilterChain.java:158)
		at org.apache.tomcat.websocket.server.WsFilter.doFilter(WsFilter.java:53)
		at org.apache.catalina.core.ApplicationFilterChain.internalDoFilter(ApplicationFilterChain.java:185)
		at org.apache.catalina.core.ApplicationFilterChain.doFilter(ApplicationFilterChain.java:158)
		at org.apache.catalina.core.StandardWrapperValve.invoke(StandardWrapperValve.java:197)
		at org.apache.catalina.core.StandardContextValve.invoke(StandardContextValve.java:97)
		at org.apache.catalina.authenticator.AuthenticatorBase.invoke(AuthenticatorBase.java:543)
		at org.apache.catalina.core.StandardHostValve.invoke(StandardHostValve.java:119)
		at org.apache.catalina.valves.ErrorReportValve.invoke(ErrorReportValve.java:92)
		at org.apache.catalina.valves.AbstractAccessLogValve.invoke(AbstractAccessLogValve.java:690)
		at org.apache.catalina.core.StandardEngineValve.invoke(StandardEngineValve.java:78)
		at org.apache.catalina.connector.CoyoteAdapter.service(CoyoteAdapter.java:353)
		at org.apache.coyote.http11.Http11Processor.service(Http11Processor.java:382)
		at org.apache.coyote.AbstractProcessorLight.process(AbstractProcessorLight.java:65)
		at org.apache.coyote.AbstractProtocol$ConnectionHandler.process(AbstractProtocol.java:870)
		at org.apache.tomcat.util.net.NioEndpoint$SocketProcessor.doRun(NioEndpoint.java:1699)
		at org.apache.tomcat.util.net.SocketProcessorBase.run(SocketProcessorBase.java:49)
		at org.apache.tomcat.util.threads.ThreadPoolExecutor.runWorker(ThreadPoolExecutor.java:1191)
		at org.apache.tomcat.util.threads.ThreadPoolExecutor$Worker.run(ThreadPoolExecutor.java:659)
		at org.apache.tomcat.util.threads.TaskThread$WrappingRunnable.run(TaskThread.java:61)
		at java.base/java.lang.Thread.run(Thread.java:829)
18-Feb-2024 14:32:19.324 INFO [main] org.apache.catalina.core.ApplicationContext.log SessionListener: contextDestroyed()
18-Feb-2024 14:32:19.324 INFO [main] org.apache.catalina.core.ApplicationContext.log ContextListener: contextDestroyed()
18-Feb-2024 14:32:21.856 INFO [main] org.apache.catalina.core.ApplicationContext.log ContextListener: contextInitialized()
18-Feb-2024 14:32:21.858 INFO [main] org.apache.catalina.core.ApplicationContext.log SessionListener: contextInitialized()
18-Feb-2024 14:32:21.859 INFO [main] org.apache.catalina.core.ApplicationContext.log ContextListener: attributeAdded('StockTicker', 'async.Stockticker@1a7288a3')
18-Feb-2024 14:32:27.690 SEVERE [http-nio-8080-exec-1] org.apache.catalina.core.StandardWrapperValve.invoke Servlet.service() for servlet [list] in context with path [/my_webapp] threw exception
	java.lang.ClassCastException: class org.json.simple.JSONObject cannot be cast to class java.lang.String (org.json.simple.JSONObject is in unnamed module of loader org.apache.catalina.loader.ParallelWebappClassLoader @1991f767; java.lang.String is in module java.base of loader 'bootstrap')
		at mypackage.CarRentalList.doGet(CarRentalList.java:41)
		at mypackage.CarRentalList.doPost(CarRentalList.java:57)
		at jakarta.servlet.http.HttpServlet.service(HttpServlet.java:691)
		at jakarta.servlet.http.HttpServlet.service(HttpServlet.java:774)
		at org.apache.catalina.core.ApplicationFilterChain.internalDoFilter(ApplicationFilterChain.java:223)
		at org.apache.catalina.core.ApplicationFilterChain.doFilter(ApplicationFilterChain.java:158)
		at org.apache.tomcat.websocket.server.WsFilter.doFilter(WsFilter.java:53)
		at org.apache.catalina.core.ApplicationFilterChain.internalDoFilter(ApplicationFilterChain.java:185)
		at org.apache.catalina.core.ApplicationFilterChain.doFilter(ApplicationFilterChain.java:158)
		at org.apache.catalina.core.StandardWrapperValve.invoke(StandardWrapperValve.java:197)
		at org.apache.catalina.core.StandardContextValve.invoke(StandardContextValve.java:97)
		at org.apache.catalina.authenticator.AuthenticatorBase.invoke(AuthenticatorBase.java:543)
		at org.apache.catalina.core.StandardHostValve.invoke(StandardHostValve.java:119)
		at org.apache.catalina.valves.ErrorReportValve.invoke(ErrorReportValve.java:92)
		at org.apache.catalina.valves.AbstractAccessLogValve.invoke(AbstractAccessLogValve.java:690)
		at org.apache.catalina.core.StandardEngineValve.invoke(StandardEngineValve.java:78)
		at org.apache.catalina.connector.CoyoteAdapter.service(CoyoteAdapter.java:353)
		at org.apache.coyote.http11.Http11Processor.service(Http11Processor.java:382)
		at org.apache.coyote.AbstractProcessorLight.process(AbstractProcessorLight.java:65)
		at org.apache.coyote.AbstractProtocol$ConnectionHandler.process(AbstractProtocol.java:870)
		at org.apache.tomcat.util.net.NioEndpoint$SocketProcessor.doRun(NioEndpoint.java:1699)
		at org.apache.tomcat.util.net.SocketProcessorBase.run(SocketProcessorBase.java:49)
		at org.apache.tomcat.util.threads.ThreadPoolExecutor.runWorker(ThreadPoolExecutor.java:1191)
		at org.apache.tomcat.util.threads.ThreadPoolExecutor$Worker.run(ThreadPoolExecutor.java:659)
		at org.apache.tomcat.util.threads.TaskThread$WrappingRunnable.run(TaskThread.java:61)
		at java.base/java.lang.Thread.run(Thread.java:829)
18-Feb-2024 14:33:18.678 INFO [main] org.apache.catalina.core.ApplicationContext.log SessionListener: contextDestroyed()
18-Feb-2024 14:33:18.679 INFO [main] org.apache.catalina.core.ApplicationContext.log ContextListener: contextDestroyed()
18-Feb-2024 14:33:22.407 INFO [main] org.apache.catalina.core.ApplicationContext.log ContextListener: contextInitialized()
18-Feb-2024 14:33:22.408 INFO [main] org.apache.catalina.core.ApplicationContext.log SessionListener: contextInitialized()
18-Feb-2024 14:33:22.412 INFO [main] org.apache.catalina.core.ApplicationContext.log ContextListener: attributeAdded('StockTicker', 'async.Stockticker@3dd1dc90')
18-Feb-2024 14:34:23.463 INFO [main] org.apache.catalina.core.ApplicationContext.log SessionListener: contextDestroyed()
18-Feb-2024 14:34:23.463 INFO [main] org.apache.catalina.core.ApplicationContext.log ContextListener: contextDestroyed()
18-Feb-2024 14:35:06.451 INFO [main] org.apache.catalina.core.ApplicationContext.log ContextListener: contextInitialized()
18-Feb-2024 14:35:06.452 INFO [main] org.apache.catalina.core.ApplicationContext.log SessionListener: contextInitialized()
18-Feb-2024 14:35:06.455 INFO [main] org.apache.catalina.core.ApplicationContext.log ContextListener: attributeAdded('StockTicker', 'async.Stockticker@320de594')
18-Feb-2024 14:35:09.066 SEVERE [http-nio-8080-exec-1] org.apache.catalina.core.StandardWrapperValve.invoke Servlet.service() for servlet [list] in context with path [/my_webapp] threw exception
	java.lang.ClassCastException: class org.json.simple.JSONObject cannot be cast to class java.lang.String (org.json.simple.JSONObject is in unnamed module of loader org.apache.catalina.loader.ParallelWebappClassLoader @6e4de19b; java.lang.String is in module java.base of loader 'bootstrap')
		at mypackage.CarRentalList.doGet(CarRentalList.java:42)
		at mypackage.CarRentalList.doPost(CarRentalList.java:58)
		at jakarta.servlet.http.HttpServlet.service(HttpServlet.java:691)
		at jakarta.servlet.http.HttpServlet.service(HttpServlet.java:774)
		at org.apache.catalina.core.ApplicationFilterChain.internalDoFilter(ApplicationFilterChain.java:223)
		at org.apache.catalina.core.ApplicationFilterChain.doFilter(ApplicationFilterChain.java:158)
		at org.apache.tomcat.websocket.server.WsFilter.doFilter(WsFilter.java:53)
		at org.apache.catalina.core.ApplicationFilterChain.internalDoFilter(ApplicationFilterChain.java:185)
		at org.apache.catalina.core.ApplicationFilterChain.doFilter(ApplicationFilterChain.java:158)
		at org.apache.catalina.core.StandardWrapperValve.invoke(StandardWrapperValve.java:197)
		at org.apache.catalina.core.StandardContextValve.invoke(StandardContextValve.java:97)
		at org.apache.catalina.authenticator.AuthenticatorBase.invoke(AuthenticatorBase.java:543)
		at org.apache.catalina.core.StandardHostValve.invoke(StandardHostValve.java:119)
		at org.apache.catalina.valves.ErrorReportValve.invoke(ErrorReportValve.java:92)
		at org.apache.catalina.valves.AbstractAccessLogValve.invoke(AbstractAccessLogValve.java:690)
		at org.apache.catalina.core.StandardEngineValve.invoke(StandardEngineValve.java:78)
		at org.apache.catalina.connector.CoyoteAdapter.service(CoyoteAdapter.java:353)
		at org.apache.coyote.http11.Http11Processor.service(Http11Processor.java:382)
		at org.apache.coyote.AbstractProcessorLight.process(AbstractProcessorLight.java:65)
		at org.apache.coyote.AbstractProtocol$ConnectionHandler.process(AbstractProtocol.java:870)
		at org.apache.tomcat.util.net.NioEndpoint$SocketProcessor.doRun(NioEndpoint.java:1699)
		at org.apache.tomcat.util.net.SocketProcessorBase.run(SocketProcessorBase.java:49)
		at org.apache.tomcat.util.threads.ThreadPoolExecutor.runWorker(ThreadPoolExecutor.java:1191)
		at org.apache.tomcat.util.threads.ThreadPoolExecutor$Worker.run(ThreadPoolExecutor.java:659)
		at org.apache.tomcat.util.threads.TaskThread$WrappingRunnable.run(TaskThread.java:61)
		at java.base/java.lang.Thread.run(Thread.java:829)
18-Feb-2024 14:35:11.474 SEVERE [http-nio-8080-exec-2] org.apache.catalina.core.StandardWrapperValve.invoke Servlet.service() for servlet [list] in context with path [/my_webapp] threw exception
	java.lang.ClassCastException: class org.json.simple.JSONObject cannot be cast to class java.lang.String (org.json.simple.JSONObject is in unnamed module of loader org.apache.catalina.loader.ParallelWebappClassLoader @6e4de19b; java.lang.String is in module java.base of loader 'bootstrap')
		at mypackage.CarRentalList.doGet(CarRentalList.java:42)
		at mypackage.CarRentalList.doPost(CarRentalList.java:58)
		at jakarta.servlet.http.HttpServlet.service(HttpServlet.java:691)
		at jakarta.servlet.http.HttpServlet.service(HttpServlet.java:774)
		at org.apache.catalina.core.ApplicationFilterChain.internalDoFilter(ApplicationFilterChain.java:223)
		at org.apache.catalina.core.ApplicationFilterChain.doFilter(ApplicationFilterChain.java:158)
		at org.apache.tomcat.websocket.server.WsFilter.doFilter(WsFilter.java:53)
		at org.apache.catalina.core.ApplicationFilterChain.internalDoFilter(ApplicationFilterChain.java:185)
		at org.apache.catalina.core.ApplicationFilterChain.doFilter(ApplicationFilterChain.java:158)
		at org.apache.catalina.core.StandardWrapperValve.invoke(StandardWrapperValve.java:197)
		at org.apache.catalina.core.StandardContextValve.invoke(StandardContextValve.java:97)
		at org.apache.catalina.authenticator.AuthenticatorBase.invoke(AuthenticatorBase.java:543)
		at org.apache.catalina.core.StandardHostValve.invoke(StandardHostValve.java:119)
		at org.apache.catalina.valves.ErrorReportValve.invoke(ErrorReportValve.java:92)
		at org.apache.catalina.valves.AbstractAccessLogValve.invoke(AbstractAccessLogValve.java:690)
		at org.apache.catalina.core.StandardEngineValve.invoke(StandardEngineValve.java:78)
		at org.apache.catalina.connector.CoyoteAdapter.service(CoyoteAdapter.java:353)
		at org.apache.coyote.http11.Http11Processor.service(Http11Processor.java:382)
		at org.apache.coyote.AbstractProcessorLight.process(AbstractProcessorLight.java:65)
		at org.apache.coyote.AbstractProtocol$ConnectionHandler.process(AbstractProtocol.java:870)
		at org.apache.tomcat.util.net.NioEndpoint$SocketProcessor.doRun(NioEndpoint.java:1699)
		at org.apache.tomcat.util.net.SocketProcessorBase.run(SocketProcessorBase.java:49)
		at org.apache.tomcat.util.threads.ThreadPoolExecutor.runWorker(ThreadPoolExecutor.java:1191)
		at org.apache.tomcat.util.threads.ThreadPoolExecutor$Worker.run(ThreadPoolExecutor.java:659)
		at org.apache.tomcat.util.threads.TaskThread$WrappingRunnable.run(TaskThread.java:61)
		at java.base/java.lang.Thread.run(Thread.java:829)
18-Feb-2024 14:35:41.351 INFO [main] org.apache.catalina.core.ApplicationContext.log SessionListener: contextDestroyed()
18-Feb-2024 14:35:41.351 INFO [main] org.apache.catalina.core.ApplicationContext.log ContextListener: contextDestroyed()
18-Feb-2024 14:35:47.610 INFO [main] org.apache.catalina.core.ApplicationContext.log ContextListener: contextInitialized()
18-Feb-2024 14:35:47.610 INFO [main] org.apache.catalina.core.ApplicationContext.log SessionListener: contextInitialized()
18-Feb-2024 14:35:47.612 INFO [main] org.apache.catalina.core.ApplicationContext.log ContextListener: attributeAdded('StockTicker', 'async.Stockticker@3e7634b9')
18-Feb-2024 14:36:12.850 SEVERE [http-nio-8080-exec-1] org.apache.catalina.core.StandardWrapperValve.invoke Servlet.service() for servlet [list] in context with path [/my_webapp] threw exception
	java.lang.ClassCastException: class org.json.simple.JSONObject cannot be cast to class java.lang.String (org.json.simple.JSONObject is in unnamed module of loader org.apache.catalina.loader.ParallelWebappClassLoader @59d2103b; java.lang.String is in module java.base of loader 'bootstrap')
		at mypackage.CarRentalList.doGet(CarRentalList.java:41)
		at mypackage.CarRentalList.doPost(CarRentalList.java:57)
		at jakarta.servlet.http.HttpServlet.service(HttpServlet.java:691)
		at jakarta.servlet.http.HttpServlet.service(HttpServlet.java:774)
		at org.apache.catalina.core.ApplicationFilterChain.internalDoFilter(ApplicationFilterChain.java:223)
		at org.apache.catalina.core.ApplicationFilterChain.doFilter(ApplicationFilterChain.java:158)
		at org.apache.tomcat.websocket.server.WsFilter.doFilter(WsFilter.java:53)
		at org.apache.catalina.core.ApplicationFilterChain.internalDoFilter(ApplicationFilterChain.java:185)
		at org.apache.catalina.core.ApplicationFilterChain.doFilter(ApplicationFilterChain.java:158)
		at org.apache.catalina.core.StandardWrapperValve.invoke(StandardWrapperValve.java:197)
		at org.apache.catalina.core.StandardContextValve.invoke(StandardContextValve.java:97)
		at org.apache.catalina.authenticator.AuthenticatorBase.invoke(AuthenticatorBase.java:543)
		at org.apache.catalina.core.StandardHostValve.invoke(StandardHostValve.java:119)
		at org.apache.catalina.valves.ErrorReportValve.invoke(ErrorReportValve.java:92)
		at org.apache.catalina.valves.AbstractAccessLogValve.invoke(AbstractAccessLogValve.java:690)
		at org.apache.catalina.core.StandardEngineValve.invoke(StandardEngineValve.java:78)
		at org.apache.catalina.connector.CoyoteAdapter.service(CoyoteAdapter.java:353)
		at org.apache.coyote.http11.Http11Processor.service(Http11Processor.java:382)
		at org.apache.coyote.AbstractProcessorLight.process(AbstractProcessorLight.java:65)
		at org.apache.coyote.AbstractProtocol$ConnectionHandler.process(AbstractProtocol.java:870)
		at org.apache.tomcat.util.net.NioEndpoint$SocketProcessor.doRun(NioEndpoint.java:1699)
		at org.apache.tomcat.util.net.SocketProcessorBase.run(SocketProcessorBase.java:49)
		at org.apache.tomcat.util.threads.ThreadPoolExecutor.runWorker(ThreadPoolExecutor.java:1191)
		at org.apache.tomcat.util.threads.ThreadPoolExecutor$Worker.run(ThreadPoolExecutor.java:659)
		at org.apache.tomcat.util.threads.TaskThread$WrappingRunnable.run(TaskThread.java:61)
		at java.base/java.lang.Thread.run(Thread.java:829)
18-Feb-2024 14:39:07.171 INFO [main] org.apache.catalina.core.ApplicationContext.log SessionListener: contextDestroyed()
18-Feb-2024 14:39:07.171 INFO [main] org.apache.catalina.core.ApplicationContext.log ContextListener: contextDestroyed()
18-Feb-2024 14:39:14.404 INFO [main] org.apache.catalina.core.ApplicationContext.log ContextListener: contextInitialized()
18-Feb-2024 14:39:14.407 INFO [main] org.apache.catalina.core.ApplicationContext.log SessionListener: contextInitialized()
18-Feb-2024 14:39:14.410 INFO [main] org.apache.catalina.core.ApplicationContext.log ContextListener: attributeAdded('StockTicker', 'async.Stockticker@6f0b0a5e')
18-Feb-2024 14:42:18.607 INFO [main] org.apache.catalina.core.ApplicationContext.log SessionListener: contextDestroyed()
18-Feb-2024 14:42:18.607 INFO [main] org.apache.catalina.core.ApplicationContext.log ContextListener: contextDestroyed()
18-Feb-2024 14:42:29.223 INFO [main] org.apache.catalina.core.ApplicationContext.log ContextListener: contextInitialized()
18-Feb-2024 14:42:29.224 INFO [main] org.apache.catalina.core.ApplicationContext.log SessionListener: contextInitialized()
18-Feb-2024 14:42:29.232 INFO [main] org.apache.catalina.core.ApplicationContext.log ContextListener: attributeAdded('StockTicker', 'async.Stockticker@6035b93b')
18-Feb-2024 14:44:17.630 INFO [main] org.apache.catalina.core.ApplicationContext.log SessionListener: contextDestroyed()
18-Feb-2024 14:44:17.630 INFO [main] org.apache.catalina.core.ApplicationContext.log ContextListener: contextDestroyed()
18-Feb-2024 14:44:25.718 INFO [main] org.apache.catalina.core.ApplicationContext.log ContextListener: contextInitialized()
18-Feb-2024 14:44:25.719 INFO [main] org.apache.catalina.core.ApplicationContext.log SessionListener: contextInitialized()
18-Feb-2024 14:44:25.722 INFO [main] org.apache.catalina.core.ApplicationContext.log ContextListener: attributeAdded('StockTicker', 'async.Stockticker@56a4479a')
18-Feb-2024 14:45:00.416 INFO [main] org.apache.catalina.core.ApplicationContext.log SessionListener: contextDestroyed()
18-Feb-2024 14:45:00.418 INFO [main] org.apache.catalina.core.ApplicationContext.log ContextListener: contextDestroyed()
18-Feb-2024 14:45:08.551 INFO [main] org.apache.catalina.core.ApplicationContext.log ContextListener: contextInitialized()
18-Feb-2024 14:45:08.551 INFO [main] org.apache.catalina.core.ApplicationContext.log SessionListener: contextInitialized()
18-Feb-2024 14:45:08.558 INFO [main] org.apache.catalina.core.ApplicationContext.log ContextListener: attributeAdded('StockTicker', 'async.Stockticker@20a8a64e')
18-Feb-2024 14:47:32.891 INFO [main] org.apache.catalina.core.ApplicationContext.log SessionListener: contextDestroyed()
18-Feb-2024 14:47:32.891 INFO [main] org.apache.catalina.core.ApplicationContext.log ContextListener: contextDestroyed()
18-Feb-2024 14:47:43.087 INFO [main] org.apache.catalina.core.ApplicationContext.log ContextListener: contextInitialized()
18-Feb-2024 14:47:43.087 INFO [main] org.apache.catalina.core.ApplicationContext.log SessionListener: contextInitialized()
18-Feb-2024 14:47:43.094 INFO [main] org.apache.catalina.core.ApplicationContext.log ContextListener: attributeAdded('StockTicker', 'async.Stockticker@abf688e')
18-Feb-2024 14:47:44.210 SEVERE [http-nio-8080-exec-1] org.apache.catalina.core.StandardWrapperValve.invoke Servlet.service() for servlet [list] in context with path [/my_webapp] threw exception
	java.lang.NullPointerException
		at mypackage.CarRentalList.doGet(CarRentalList.java:38)
		at mypackage.CarRentalList.doPost(CarRentalList.java:63)
		at jakarta.servlet.http.HttpServlet.service(HttpServlet.java:691)
		at jakarta.servlet.http.HttpServlet.service(HttpServlet.java:774)
		at org.apache.catalina.core.ApplicationFilterChain.internalDoFilter(ApplicationFilterChain.java:223)
		at org.apache.catalina.core.ApplicationFilterChain.doFilter(ApplicationFilterChain.java:158)
		at org.apache.tomcat.websocket.server.WsFilter.doFilter(WsFilter.java:53)
		at org.apache.catalina.core.ApplicationFilterChain.internalDoFilter(ApplicationFilterChain.java:185)
		at org.apache.catalina.core.ApplicationFilterChain.doFilter(ApplicationFilterChain.java:158)
		at org.apache.catalina.core.StandardWrapperValve.invoke(StandardWrapperValve.java:197)
		at org.apache.catalina.core.StandardContextValve.invoke(StandardContextValve.java:97)
		at org.apache.catalina.authenticator.AuthenticatorBase.invoke(AuthenticatorBase.java:543)
		at org.apache.catalina.core.StandardHostValve.invoke(StandardHostValve.java:119)
		at org.apache.catalina.valves.ErrorReportValve.invoke(ErrorReportValve.java:92)
		at org.apache.catalina.valves.AbstractAccessLogValve.invoke(AbstractAccessLogValve.java:690)
		at org.apache.catalina.core.StandardEngineValve.invoke(StandardEngineValve.java:78)
		at org.apache.catalina.connector.CoyoteAdapter.service(CoyoteAdapter.java:353)
		at org.apache.coyote.http11.Http11Processor.service(Http11Processor.java:382)
		at org.apache.coyote.AbstractProcessorLight.process(AbstractProcessorLight.java:65)
		at org.apache.coyote.AbstractProtocol$ConnectionHandler.process(AbstractProtocol.java:870)
		at org.apache.tomcat.util.net.NioEndpoint$SocketProcessor.doRun(NioEndpoint.java:1699)
		at org.apache.tomcat.util.net.SocketProcessorBase.run(SocketProcessorBase.java:49)
		at org.apache.tomcat.util.threads.ThreadPoolExecutor.runWorker(ThreadPoolExecutor.java:1191)
		at org.apache.tomcat.util.threads.ThreadPoolExecutor$Worker.run(ThreadPoolExecutor.java:659)
		at org.apache.tomcat.util.threads.TaskThread$WrappingRunnable.run(TaskThread.java:61)
		at java.base/java.lang.Thread.run(Thread.java:829)
18-Feb-2024 16:15:58.263 INFO [main] org.apache.catalina.core.ApplicationContext.log ContextListener: contextInitialized()
18-Feb-2024 16:15:58.263 INFO [main] org.apache.catalina.core.ApplicationContext.log SessionListener: contextInitialized()
18-Feb-2024 16:15:58.264 INFO [main] org.apache.catalina.core.ApplicationContext.log ContextListener: attributeAdded('StockTicker', 'async.Stockticker@320de594')
18-Feb-2024 16:20:00.957 INFO [main] org.apache.catalina.core.ApplicationContext.log SessionListener: contextDestroyed()
18-Feb-2024 16:20:00.957 INFO [main] org.apache.catalina.core.ApplicationContext.log ContextListener: contextDestroyed()
18-Feb-2024 16:20:06.374 INFO [main] org.apache.catalina.core.ApplicationContext.log ContextListener: contextInitialized()
18-Feb-2024 16:20:06.374 INFO [main] org.apache.catalina.core.ApplicationContext.log SessionListener: contextInitialized()
18-Feb-2024 16:20:06.375 INFO [main] org.apache.catalina.core.ApplicationContext.log ContextListener: attributeAdded('StockTicker', 'async.Stockticker@3dd1dc90')
18-Feb-2024 16:20:59.226 INFO [main] org.apache.catalina.core.ApplicationContext.log SessionListener: contextDestroyed()
18-Feb-2024 16:20:59.226 INFO [main] org.apache.catalina.core.ApplicationContext.log ContextListener: contextDestroyed()
18-Feb-2024 16:21:04.684 INFO [main] org.apache.catalina.core.ApplicationContext.log ContextListener: contextInitialized()
18-Feb-2024 16:21:04.684 INFO [main] org.apache.catalina.core.ApplicationContext.log SessionListener: contextInitialized()
18-Feb-2024 16:21:04.685 INFO [main] org.apache.catalina.core.ApplicationContext.log ContextListener: attributeAdded('StockTicker', 'async.Stockticker@62163b39')
18-Feb-2024 16:29:35.908 INFO [main] org.apache.catalina.core.ApplicationContext.log SessionListener: contextDestroyed()
18-Feb-2024 16:29:35.909 INFO [main] org.apache.catalina.core.ApplicationContext.log ContextListener: contextDestroyed()
18-Feb-2024 16:29:41.774 INFO [main] org.apache.catalina.core.ApplicationContext.log ContextListener: contextInitialized()
18-Feb-2024 16:29:41.774 INFO [main] org.apache.catalina.core.ApplicationContext.log SessionListener: contextInitialized()
18-Feb-2024 16:29:41.776 INFO [main] org.apache.catalina.core.ApplicationContext.log ContextListener: attributeAdded('StockTicker', 'async.Stockticker@abf688e')
18-Feb-2024 16:37:49.358 INFO [main] org.apache.catalina.core.ApplicationContext.log SessionListener: contextDestroyed()
18-Feb-2024 16:37:49.358 INFO [main] org.apache.catalina.core.ApplicationContext.log ContextListener: contextDestroyed()
18-Feb-2024 16:37:55.694 INFO [main] org.apache.catalina.core.ApplicationContext.log ContextListener: contextInitialized()
18-Feb-2024 16:37:55.694 INFO [main] org.apache.catalina.core.ApplicationContext.log SessionListener: contextInitialized()
18-Feb-2024 16:37:55.697 INFO [main] org.apache.catalina.core.ApplicationContext.log ContextListener: attributeAdded('StockTicker', 'async.Stockticker@4189d70b')
18-Feb-2024 16:38:19.786 INFO [main] org.apache.catalina.core.ApplicationContext.log SessionListener: contextDestroyed()
18-Feb-2024 16:38:19.786 INFO [main] org.apache.catalina.core.ApplicationContext.log ContextListener: contextDestroyed()
18-Feb-2024 16:38:26.105 INFO [main] org.apache.catalina.core.ApplicationContext.log ContextListener: contextInitialized()
18-Feb-2024 16:38:26.105 INFO [main] org.apache.catalina.core.ApplicationContext.log SessionListener: contextInitialized()
18-Feb-2024 16:38:26.105 INFO [main] org.apache.catalina.core.ApplicationContext.log ContextListener: attributeAdded('StockTicker', 'async.Stockticker@abf688e')
18-Feb-2024 16:40:13.357 INFO [main] org.apache.catalina.core.ApplicationContext.log ContextListener: contextInitialized()
18-Feb-2024 16:40:13.358 INFO [main] org.apache.catalina.core.ApplicationContext.log SessionListener: contextInitialized()
18-Feb-2024 16:40:13.362 INFO [main] org.apache.catalina.core.ApplicationContext.log ContextListener: attributeAdded('StockTicker', 'async.Stockticker@2a2c13a8')
18-Feb-2024 16:40:13.782 INFO [main] org.apache.catalina.core.ApplicationContext.log SessionListener: contextDestroyed()
18-Feb-2024 16:40:13.782 INFO [main] org.apache.catalina.core.ApplicationContext.log ContextListener: contextDestroyed()
18-Feb-2024 16:42:42.457 INFO [main] org.apache.catalina.core.ApplicationContext.log SessionListener: contextDestroyed()
18-Feb-2024 16:42:42.457 INFO [main] org.apache.catalina.core.ApplicationContext.log ContextListener: contextDestroyed()
18-Feb-2024 16:42:52.172 INFO [main] org.apache.catalina.core.ApplicationContext.log ContextListener: contextInitialized()
18-Feb-2024 16:42:52.173 INFO [main] org.apache.catalina.core.ApplicationContext.log SessionListener: contextInitialized()
18-Feb-2024 16:42:52.177 INFO [main] org.apache.catalina.core.ApplicationContext.log ContextListener: attributeAdded('StockTicker', 'async.Stockticker@173b9122')
18-Feb-2024 16:47:52.442 INFO [main] org.apache.catalina.core.ApplicationContext.log SessionListener: contextDestroyed()
18-Feb-2024 16:47:52.442 INFO [main] org.apache.catalina.core.ApplicationContext.log ContextListener: contextDestroyed()
18-Feb-2024 18:24:21.223 INFO [main] org.apache.catalina.core.ApplicationContext.log ContextListener: contextInitialized()
18-Feb-2024 18:24:21.223 INFO [main] org.apache.catalina.core.ApplicationContext.log SessionListener: contextInitialized()
18-Feb-2024 18:24:21.224 INFO [main] org.apache.catalina.core.ApplicationContext.log ContextListener: attributeAdded('StockTicker', 'async.Stockticker@7a0e1b5e')
18-Feb-2024 18:26:09.535 INFO [main] org.apache.catalina.core.ApplicationContext.log SessionListener: contextDestroyed()
18-Feb-2024 18:26:09.535 INFO [main] org.apache.catalina.core.ApplicationContext.log ContextListener: contextDestroyed()
18-Feb-2024 18:26:15.041 INFO [main] org.apache.catalina.core.ApplicationContext.log ContextListener: contextInitialized()
18-Feb-2024 18:26:15.041 INFO [main] org.apache.catalina.core.ApplicationContext.log SessionListener: contextInitialized()
18-Feb-2024 18:26:15.042 INFO [main] org.apache.catalina.core.ApplicationContext.log ContextListener: attributeAdded('StockTicker', 'async.Stockticker@13579834')
18-Feb-2024 18:28:00.979 INFO [main] org.apache.catalina.core.ApplicationContext.log SessionListener: contextDestroyed()
18-Feb-2024 18:28:00.979 INFO [main] org.apache.catalina.core.ApplicationContext.log ContextListener: contextDestroyed()
18-Feb-2024 18:28:06.764 INFO [main] org.apache.catalina.core.ApplicationContext.log ContextListener: contextInitialized()
18-Feb-2024 18:28:06.764 INFO [main] org.apache.catalina.core.ApplicationContext.log SessionListener: contextInitialized()
18-Feb-2024 18:28:06.765 INFO [main] org.apache.catalina.core.ApplicationContext.log ContextListener: attributeAdded('StockTicker', 'async.Stockticker@7c18432b')
18-Feb-2024 18:28:54.355 INFO [main] org.apache.catalina.core.ApplicationContext.log SessionListener: contextDestroyed()
18-Feb-2024 18:28:54.356 INFO [main] org.apache.catalina.core.ApplicationContext.log ContextListener: contextDestroyed()
18-Feb-2024 18:29:00.424 INFO [main] org.apache.catalina.core.ApplicationContext.log ContextListener: contextInitialized()
18-Feb-2024 18:29:00.424 INFO [main] org.apache.catalina.core.ApplicationContext.log SessionListener: contextInitialized()
18-Feb-2024 18:29:00.426 INFO [main] org.apache.catalina.core.ApplicationContext.log ContextListener: attributeAdded('StockTicker', 'async.Stockticker@702ed190')
18-Feb-2024 18:29:15.866 INFO [main] org.apache.catalina.core.ApplicationContext.log SessionListener: contextDestroyed()
18-Feb-2024 18:29:15.866 INFO [main] org.apache.catalina.core.ApplicationContext.log ContextListener: contextDestroyed()
18-Feb-2024 18:29:21.404 INFO [main] org.apache.catalina.core.ApplicationContext.log ContextListener: contextInitialized()
18-Feb-2024 18:29:21.404 INFO [main] org.apache.catalina.core.ApplicationContext.log SessionListener: contextInitialized()
18-Feb-2024 18:29:21.405 INFO [main] org.apache.catalina.core.ApplicationContext.log ContextListener: attributeAdded('StockTicker', 'async.Stockticker@120f38e6')
18-Feb-2024 18:33:02.967 INFO [main] org.apache.catalina.core.ApplicationContext.log SessionListener: contextDestroyed()
18-Feb-2024 18:33:02.967 INFO [main] org.apache.catalina.core.ApplicationContext.log ContextListener: contextDestroyed()
18-Feb-2024 18:33:08.487 INFO [main] org.apache.catalina.core.ApplicationContext.log ContextListener: contextInitialized()
18-Feb-2024 18:33:08.487 INFO [main] org.apache.catalina.core.ApplicationContext.log SessionListener: contextInitialized()
18-Feb-2024 18:33:08.488 INFO [main] org.apache.catalina.core.ApplicationContext.log ContextListener: attributeAdded('StockTicker', 'async.Stockticker@3b1bb3ab')
18-Feb-2024 18:33:39.472 INFO [main] org.apache.catalina.core.ApplicationContext.log SessionListener: contextDestroyed()
18-Feb-2024 18:33:39.472 INFO [main] org.apache.catalina.core.ApplicationContext.log ContextListener: contextDestroyed()
18-Feb-2024 18:33:45.234 INFO [main] org.apache.catalina.core.ApplicationContext.log ContextListener: contextInitialized()
18-Feb-2024 18:33:45.234 INFO [main] org.apache.catalina.core.ApplicationContext.log SessionListener: contextInitialized()
18-Feb-2024 18:33:45.236 INFO [main] org.apache.catalina.core.ApplicationContext.log ContextListener: attributeAdded('StockTicker', 'async.Stockticker@24be2d9c')
18-Feb-2024 18:34:33.191 INFO [main] org.apache.catalina.core.ApplicationContext.log SessionListener: contextDestroyed()
18-Feb-2024 18:34:33.191 INFO [main] org.apache.catalina.core.ApplicationContext.log ContextListener: contextDestroyed()
18-Feb-2024 18:34:39.000 INFO [main] org.apache.catalina.core.ApplicationContext.log ContextListener: contextInitialized()
18-Feb-2024 18:34:39.001 INFO [main] org.apache.catalina.core.ApplicationContext.log SessionListener: contextInitialized()
18-Feb-2024 18:34:39.002 INFO [main] org.apache.catalina.core.ApplicationContext.log ContextListener: attributeAdded('StockTicker', 'async.Stockticker@6bc28a83')
18-Feb-2024 18:35:24.325 INFO [main] org.apache.catalina.core.ApplicationContext.log SessionListener: contextDestroyed()
18-Feb-2024 18:35:24.325 INFO [main] org.apache.catalina.core.ApplicationContext.log ContextListener: contextDestroyed()
18-Feb-2024 18:35:29.908 INFO [main] org.apache.catalina.core.ApplicationContext.log ContextListener: contextInitialized()
18-Feb-2024 18:35:29.909 INFO [main] org.apache.catalina.core.ApplicationContext.log SessionListener: contextInitialized()
18-Feb-2024 18:35:29.910 INFO [main] org.apache.catalina.core.ApplicationContext.log ContextListener: attributeAdded('StockTicker', 'async.Stockticker@42a9a63e')
18-Feb-2024 18:38:12.091 INFO [main] org.apache.catalina.core.ApplicationContext.log SessionListener: contextDestroyed()
18-Feb-2024 18:38:12.091 INFO [main] org.apache.catalina.core.ApplicationContext.log ContextListener: contextDestroyed()
18-Feb-2024 18:38:17.539 INFO [main] org.apache.catalina.core.ApplicationContext.log ContextListener: contextInitialized()
18-Feb-2024 18:38:17.539 INFO [main] org.apache.catalina.core.ApplicationContext.log SessionListener: contextInitialized()
18-Feb-2024 18:38:17.540 INFO [main] org.apache.catalina.core.ApplicationContext.log ContextListener: attributeAdded('StockTicker', 'async.Stockticker@aec50a1')
18-Feb-2024 18:39:24.726 INFO [main] org.apache.catalina.core.ApplicationContext.log SessionListener: contextDestroyed()
18-Feb-2024 18:39:24.726 INFO [main] org.apache.catalina.core.ApplicationContext.log ContextListener: contextDestroyed()
18-Feb-2024 18:39:30.257 INFO [main] org.apache.catalina.core.ApplicationContext.log ContextListener: contextInitialized()
18-Feb-2024 18:39:30.257 INFO [main] org.apache.catalina.core.ApplicationContext.log SessionListener: contextInitialized()
18-Feb-2024 18:39:30.259 INFO [main] org.apache.catalina.core.ApplicationContext.log ContextListener: attributeAdded('StockTicker', 'async.Stockticker@aec50a1')
18-Feb-2024 18:40:59.671 INFO [main] org.apache.catalina.core.ApplicationContext.log SessionListener: contextDestroyed()
18-Feb-2024 18:40:59.671 INFO [main] org.apache.catalina.core.ApplicationContext.log ContextListener: contextDestroyed()
18-Feb-2024 18:41:05.201 INFO [main] org.apache.catalina.core.ApplicationContext.log ContextListener: contextInitialized()
18-Feb-2024 18:41:05.202 INFO [main] org.apache.catalina.core.ApplicationContext.log SessionListener: contextInitialized()
18-Feb-2024 18:41:05.203 INFO [main] org.apache.catalina.core.ApplicationContext.log ContextListener: attributeAdded('StockTicker', 'async.Stockticker@2555fff0')
18-Feb-2024 18:41:25.720 SEVERE [https-jsse-nio-8443-exec-2] org.apache.catalina.core.StandardWrapperValve.invoke Servlet.service() for servlet [list] in context with path [/my_webapp] threw exception
	java.lang.NullPointerException
		at mypackage.CarRentalList.doGet(CarRentalList.java:28)
		at jakarta.servlet.http.HttpServlet.service(HttpServlet.java:665)
		at jakarta.servlet.http.HttpServlet.service(HttpServlet.java:774)
		at org.apache.catalina.core.ApplicationFilterChain.internalDoFilter(ApplicationFilterChain.java:223)
		at org.apache.catalina.core.ApplicationFilterChain.doFilter(ApplicationFilterChain.java:158)
		at org.apache.tomcat.websocket.server.WsFilter.doFilter(WsFilter.java:53)
		at org.apache.catalina.core.ApplicationFilterChain.internalDoFilter(ApplicationFilterChain.java:185)
		at org.apache.catalina.core.ApplicationFilterChain.doFilter(ApplicationFilterChain.java:158)
		at org.apache.catalina.core.StandardWrapperValve.invoke(StandardWrapperValve.java:197)
		at org.apache.catalina.core.StandardContextValve.invoke(StandardContextValve.java:97)
		at org.apache.catalina.authenticator.AuthenticatorBase.invoke(AuthenticatorBase.java:543)
		at org.apache.catalina.core.StandardHostValve.invoke(StandardHostValve.java:119)
		at org.apache.catalina.valves.ErrorReportValve.invoke(ErrorReportValve.java:92)
		at org.apache.catalina.valves.AbstractAccessLogValve.invoke(AbstractAccessLogValve.java:690)
		at org.apache.catalina.core.StandardEngineValve.invoke(StandardEngineValve.java:78)
		at org.apache.catalina.connector.CoyoteAdapter.service(CoyoteAdapter.java:353)
		at org.apache.coyote.http11.Http11Processor.service(Http11Processor.java:382)
		at org.apache.coyote.AbstractProcessorLight.process(AbstractProcessorLight.java:65)
		at org.apache.coyote.AbstractProtocol$ConnectionHandler.process(AbstractProtocol.java:870)
		at org.apache.tomcat.util.net.NioEndpoint$SocketProcessor.doRun(NioEndpoint.java:1699)
		at org.apache.tomcat.util.net.SocketProcessorBase.run(SocketProcessorBase.java:49)
		at org.apache.tomcat.util.threads.ThreadPoolExecutor.runWorker(ThreadPoolExecutor.java:1191)
		at org.apache.tomcat.util.threads.ThreadPoolExecutor$Worker.run(ThreadPoolExecutor.java:659)
		at org.apache.tomcat.util.threads.TaskThread$WrappingRunnable.run(TaskThread.java:61)
		at java.base/java.lang.Thread.run(Thread.java:829)
18-Feb-2024 18:41:34.022 SEVERE [https-jsse-nio-8443-exec-3] org.apache.catalina.core.StandardWrapperValve.invoke Servlet.service() for servlet [list] in context with path [/my_webapp] threw exception
	java.lang.NullPointerException
		at mypackage.CarRentalList.doGet(CarRentalList.java:28)
		at jakarta.servlet.http.HttpServlet.service(HttpServlet.java:665)
		at jakarta.servlet.http.HttpServlet.service(HttpServlet.java:774)
		at org.apache.catalina.core.ApplicationFilterChain.internalDoFilter(ApplicationFilterChain.java:223)
		at org.apache.catalina.core.ApplicationFilterChain.doFilter(ApplicationFilterChain.java:158)
		at org.apache.tomcat.websocket.server.WsFilter.doFilter(WsFilter.java:53)
		at org.apache.catalina.core.ApplicationFilterChain.internalDoFilter(ApplicationFilterChain.java:185)
		at org.apache.catalina.core.ApplicationFilterChain.doFilter(ApplicationFilterChain.java:158)
		at org.apache.catalina.core.StandardWrapperValve.invoke(StandardWrapperValve.java:197)
		at org.apache.catalina.core.StandardContextValve.invoke(StandardContextValve.java:97)
		at org.apache.catalina.authenticator.AuthenticatorBase.invoke(AuthenticatorBase.java:543)
		at org.apache.catalina.core.StandardHostValve.invoke(StandardHostValve.java:119)
		at org.apache.catalina.valves.ErrorReportValve.invoke(ErrorReportValve.java:92)
		at org.apache.catalina.valves.AbstractAccessLogValve.invoke(AbstractAccessLogValve.java:690)
		at org.apache.catalina.core.StandardEngineValve.invoke(StandardEngineValve.java:78)
		at org.apache.catalina.connector.CoyoteAdapter.service(CoyoteAdapter.java:353)
		at org.apache.coyote.http11.Http11Processor.service(Http11Processor.java:382)
		at org.apache.coyote.AbstractProcessorLight.process(AbstractProcessorLight.java:65)
		at org.apache.coyote.AbstractProtocol$ConnectionHandler.process(AbstractProtocol.java:870)
		at org.apache.tomcat.util.net.NioEndpoint$SocketProcessor.doRun(NioEndpoint.java:1699)
		at org.apache.tomcat.util.net.SocketProcessorBase.run(SocketProcessorBase.java:49)
		at org.apache.tomcat.util.threads.ThreadPoolExecutor.runWorker(ThreadPoolExecutor.java:1191)
		at org.apache.tomcat.util.threads.ThreadPoolExecutor$Worker.run(ThreadPoolExecutor.java:659)
		at org.apache.tomcat.util.threads.TaskThread$WrappingRunnable.run(TaskThread.java:61)
		at java.base/java.lang.Thread.run(Thread.java:829)
18-Feb-2024 19:39:27.570 INFO [main] org.apache.catalina.core.ApplicationContext.log SessionListener: contextDestroyed()
18-Feb-2024 19:39:27.570 INFO [main] org.apache.catalina.core.ApplicationContext.log ContextListener: contextDestroyed()
18-Feb-2024 19:49:19.035 INFO [main] org.apache.catalina.core.ApplicationContext.log ContextListener: contextInitialized()
18-Feb-2024 19:49:19.035 INFO [main] org.apache.catalina.core.ApplicationContext.log SessionListener: contextInitialized()
18-Feb-2024 19:49:19.037 INFO [main] org.apache.catalina.core.ApplicationContext.log ContextListener: attributeAdded('StockTicker', 'async.Stockticker@120f38e6')
18-Feb-2024 19:49:38.249 INFO [main] org.apache.catalina.core.ApplicationContext.log SessionListener: contextDestroyed()
18-Feb-2024 19:49:38.249 INFO [main] org.apache.catalina.core.ApplicationContext.log ContextListener: contextDestroyed()
18-Feb-2024 19:49:43.960 INFO [main] org.apache.catalina.core.ApplicationContext.log ContextListener: contextInitialized()
18-Feb-2024 19:49:43.961 INFO [main] org.apache.catalina.core.ApplicationContext.log SessionListener: contextInitialized()
18-Feb-2024 19:49:43.964 INFO [main] org.apache.catalina.core.ApplicationContext.log ContextListener: attributeAdded('StockTicker', 'async.Stockticker@2ad3a1bb')
18-Feb-2024 19:50:13.097 INFO [main] org.apache.catalina.core.ApplicationContext.log SessionListener: contextDestroyed()
18-Feb-2024 19:50:13.097 INFO [main] org.apache.catalina.core.ApplicationContext.log ContextListener: contextDestroyed()
18-Feb-2024 19:50:18.648 INFO [main] org.apache.catalina.core.ApplicationContext.log ContextListener: contextInitialized()
18-Feb-2024 19:50:18.648 INFO [main] org.apache.catalina.core.ApplicationContext.log SessionListener: contextInitialized()
18-Feb-2024 19:50:18.650 INFO [main] org.apache.catalina.core.ApplicationContext.log ContextListener: attributeAdded('StockTicker', 'async.Stockticker@42a9a63e')
18-Feb-2024 19:52:06.123 INFO [main] org.apache.catalina.core.ApplicationContext.log SessionListener: contextDestroyed()
18-Feb-2024 19:52:06.124 INFO [main] org.apache.catalina.core.ApplicationContext.log ContextListener: contextDestroyed()
18-Feb-2024 19:58:14.464 INFO [main] org.apache.catalina.core.ApplicationContext.log ContextListener: contextInitialized()
18-Feb-2024 19:58:14.464 INFO [main] org.apache.catalina.core.ApplicationContext.log SessionListener: contextInitialized()
18-Feb-2024 19:58:14.466 INFO [main] org.apache.catalina.core.ApplicationContext.log ContextListener: attributeAdded('StockTicker', 'async.Stockticker@7646731d')
18-Feb-2024 19:59:34.818 INFO [main] org.apache.catalina.core.ApplicationContext.log SessionListener: contextDestroyed()
18-Feb-2024 19:59:34.818 INFO [main] org.apache.catalina.core.ApplicationContext.log ContextListener: contextDestroyed()
